<?xml version="1.0" encoding="UTF-8"?>
<!-- Generated by org.testng.reporters.JUnitReportReporter -->
<testsuite hostname="DESKTOP-KD287T4" failures="0" tests="2" name="livesteadfast.AmazonScreenshot2" time="0.007" errors="0" timestamp="2020-04-01T12:31:25 IST" skipped="0">
  <testcase classname="livesteadfast.AmazonScreenshot2" name="secondTest" time="0.003"/>
  <system-out/>
  <testcase classname="livesteadfast.AmazonScreenshot2" name="firstTest" time="0.004"/>
  <system-out/>
</testsuite> <!-- livesteadfast.AmazonScreenshot2 -->
