<?xml version="1.0" encoding="UTF-8"?>
<!-- Generated by org.testng.reporters.JUnitReportReporter -->
<testsuite hostname="DESKTOP-KD287T4" failures="0" tests="1" name="livesteadfast.ReadWriteExcelTest" time="0.849" errors="0" timestamp="2020-03-14T14:56:17 IST" skipped="0">
  <testcase classname="livesteadfast.ReadWriteExcelTest" name="tester" time="0.849"/>
  <system-out/>
</testsuite> <!-- livesteadfast.ReadWriteExcelTest -->
