<?xml version="1.0" encoding="UTF-8"?>
<!-- Generated by org.testng.reporters.JUnitReportReporter -->
<testsuite hostname="DESKTOP-KD287T4" failures="0" tests="1" name="livesteadfast.ExcelDataTest" time="9.078" errors="0" timestamp="2020-03-16T15:53:00 IST" skipped="0">
  <testcase classname="livesteadfast.ExcelDataTest" name="ExcelData" time="9.078"/>
  <system-out/>
</testsuite> <!-- livesteadfast.ExcelDataTest -->
