<?xml version="1.0" encoding="UTF-8"?>
<!-- Generated by org.testng.reporters.JUnitReportReporter -->
<testsuite hostname="DESKTOP-KD287T4" failures="0" tests="1" name="livesteadfast.factory.FactoryOneTest" time="0.008" errors="0" timestamp="2020-03-24T13:14:40 IST" skipped="0">
  <testcase classname="livesteadfast.factory.FactoryOneTest" name="testMethod1" time="0.008"/>
  <system-out/>
</testsuite> <!-- livesteadfast.factory.FactoryOneTest -->
