<?xml version="1.0" encoding="UTF-8"?>
<!-- Generated by org.testng.reporters.JUnitReportReporter -->
<testsuite hostname="DESKTOP-KD287T4" failures="0" tests="1" name="livesteadfast.BacklinkTrackTest" time="12.170" errors="0" timestamp="2020-03-19T17:09:43 IST" skipped="0">
  <testcase classname="livesteadfast.BacklinkTrackTest" name="Backlink" time="12.170"/>
  <system-out/>
</testsuite> <!-- livesteadfast.BacklinkTrackTest -->
