<?xml version="1.0" encoding="UTF-8"?>
<!-- Generated by org.testng.reporters.JUnitReportReporter -->
<testsuite hostname="DESKTOP-KD287T4" failures="0" tests="1" name="Listeneres.ListenerSeriesTest" time="0.002" errors="0" timestamp="2020-03-24T12:55:28 IST" skipped="0">
  <testcase classname="Listeneres.ListenerSeriesTest" name="sendData" time="0.002"/>
  <system-out/>
</testsuite> <!-- Listeneres.ListenerSeriesTest -->
