<?xml version="1.0" encoding="UTF-8"?>
<!-- Generated by org.testng.reporters.JUnitReportReporter -->
<testsuite hostname="DESKTOP-KD287T4" failures="0" tests="1" name="livesteadfast.GoogleTest" time="58.781" errors="0" timestamp="2020-03-19T17:09:43 IST" skipped="0">
  <testcase classname="livesteadfast.GoogleTest" name="BrowserAutomation" time="58.781"/>
  <system-out/>
</testsuite> <!-- livesteadfast.GoogleTest -->
