<?xml version="1.0" encoding="UTF-8"?>
<!-- Generated by org.testng.reporters.JUnitReportReporter -->
<testsuite hostname="DESKTOP-KD287T4" failures="0" tests="1" name="livesteadfast.ReadExampleTest" time="0.857" errors="0" timestamp="2020-03-16T13:38:38 IST" skipped="0">
  <testcase classname="livesteadfast.ReadExampleTest" name="readTest" time="0.857"/>
  <system-out/>
</testsuite> <!-- livesteadfast.ReadExampleTest -->
