<?xml version="1.0" encoding="UTF-8"?>
<!-- Generated by org.testng.reporters.JUnitReportReporter -->
<testsuite hostname="DESKTOP-KD287T4" failures="0" tests="1" name="livesteadfast.factory.FactoryTwoTest" time="0.002" errors="0" timestamp="2020-03-24T13:14:40 IST" skipped="0">
  <testcase classname="livesteadfast.factory.FactoryTwoTest" name="testMethod2" time="0.002"/>
  <system-out/>
</testsuite> <!-- livesteadfast.factory.FactoryTwoTest -->
