<?xml version="1.0" encoding="UTF-8"?>
<!-- Generated by org.testng.reporters.JUnitReportReporter -->
<testsuite hostname="DESKTOP-KD287T4" failures="0" tests="1" name="livesteadfast.ExcelParametersTest" time="1.873" errors="0" timestamp="2020-03-22T19:44:30 IST" skipped="0">
  <testcase classname="livesteadfast.ExcelParametersTest" name="excelTest" time="1.873"/>
  <system-out/>
</testsuite> <!-- livesteadfast.ExcelParametersTest -->
