<?xml version="1.0" encoding="UTF-8"?>
<!-- Generated by org.testng.reporters.JUnitReportReporter -->
<testsuite hostname="DESKTOP-KD287T4" failures="0" tests="4" name="livesteadfast.SignUpPage" time="74.114" errors="0" timestamp="2020-03-24T10:27:00 IST" skipped="0">
  <testcase classname="livesteadfast.SignUpPage" name="signUpPage" time="18.791"/>
  <system-out/>
  <testcase classname="livesteadfast.SignUpPage" name="signUpPage" time="15.661"/>
  <system-out/>
  <testcase classname="livesteadfast.SignUpPage" name="signUpPage" time="21.331"/>
  <system-out/>
  <testcase classname="livesteadfast.SignUpPage" name="signUpPage" time="18.331"/>
  <system-out/>
</testsuite> <!-- livesteadfast.SignUpPage -->
